Metadata: SHA256=705B40CFC26DD1227D7D937C9102FBB9C4375C9CC9EF10F589CE0BA11EADCA1B Version=3.0.0.0 Base=0x400000
INFO  ExtractDetailedMetrics.java> FRAME_VERBOSE,YOUtopia,0,3072,896,512,1664,2800,18,7,2|2|2|1,0|0|0|0,1,1|1|0|0,0.5|0.3|0.4|0.8|0.2|0.1|0.1|0.05,1.2,0
INFO  ExtractDetailedMetrics.java> FRAME_VERBOSE,Chirp,0,3072,480,256,2336,2700,12,4,2|2|2|1,0|0|0|0,1,1|1|0|0,0.5|0.3|0.4|0.8|0.2|0.1|0.1|0.05,1.2,0
INFO  ExtractDetailedMetrics.java> FRAME_VERBOSE,YOUtopia,1,3072,896,512,1664,2800,18,7,2|2|2|1,0|0|0|0,1,1|1|0|0,0.5|0.3|0.4|0.8|0.2|0.1|0.1|0.05,1.2,0
INFO  ExtractDetailedMetrics.java> FRAME_VERBOSE,Chirp,1,3072,480,256,2336,2700,12,4,2|2|2|1,0|0|0|0,1,1|1|0|0,0.5|0.3|0.4|0.8|0.2|0.1|0.1|0.05,1.2,0
INFO  ExtractDetailedMetrics.java> FRAME_VERBOSE,YOUtopia,2,3072,896,512,1664,2800,18,7,2|2|2|1,0|0|0|0,1,1|1|0|0,0.5|0.3|0.4|0.8|0.2|0.1|0.1|0.05,1.2,0
INFO  ExtractDetailedMetrics.java> FRAME_VERBOSE,Chirp,2,3072,480,256,2336,2700,12,4,2|2|2|1,0|0|0|0,1,1|1|0|0,0.5|0.3|0.4|0.8|0.2|0.1|0.1|0.05,1.2,0
INFO  ExtractDetailedMetrics.java> FRAME_VERBOSE,YOUtopia,3,3072,896,512,1664,2800,18,7,2|2|2|1,0|0|0|0,1,1|1|0|0,0.5|0.3|0.4|0.8|0.2|0.1|0.1|0.05,1.2,0
INFO  ExtractDetailedMetrics.java> FRAME_VERBOSE,Chirp,3,3072,480,256,2336,2700,12,4,2|2|2|1,0|0|0|0,1,1|1|0|0,0.5|0.3|0.4|0.8|0.2|0.1|0.1|0.05,1.2,0
INFO  ExtractDetailedMetrics.java> FRAME_VERBOSE,YOUtopia,4,3072,896,512,1664,2800,18,7,2|2|2|1,0|0|0|0,1,1|1|0|0,0.5|0.3|0.4|0.8|0.2|0.1|0.1|0.05,1.2,0
INFO  ExtractDetailedMetrics.java> FRAME_VERBOSE,Chirp,4,3072,480,256,2336,2700,12,4,2|2|2|1,0|0|0|0,1,1|1|0|0,0.5|0.3|0.4|0.8|0.2|0.1|0.1|0.05,1.2,0
INFO  ExtractDetailedMetrics.java> FRAME_VERBOSE,YOUtopia,5,3072,896,512,1664,2800,18,7,2|2|2|1,0|0|0|0,1,1|1|0|0,0.5|0.3|0.4|0.8|0.2|0.1|0.1|0.05,1.2,0
INFO  ExtractDetailedMetrics.java> FRAME_VERBOSE,Chirp,5,3072,480,256,2336,2700,12,4,2|2|2|1,0|0|0|0,1,1|1|0|0,0.5|0.3|0.4|0.8|0.2|0.1|0.1|0.05,1.2,0
INFO  ExtractDetailedMetrics.java> FRAME_VERBOSE,YOUtopia,6,3072,896,512,1664,2800,18,7,2|2|2|1,0|0|0|0,1,1|1|0|0,0.5|0.3|0.4|0.8|0.2|0.1|0.1|0.05,1.2,0
INFO  ExtractDetailedMetrics.java> FRAME_VERBOSE,Chirp,6,3072,480,256,2336,2700,12,4,2|2|2|1,0|0|0|0,1,1|1|0|0,0.5|0.3|0.4|0.8|0.2|0.1|0.1|0.05,1.2,0
INFO  ExtractDetailedMetrics.java> FRAME_VERBOSE,YOUtopia,7,3072,896,512,1664,2800,18,7,2|2|2|1,0|0|0|0,1,1|1|0|0,0.5|0.3|0.4|0.8|0.2|0.1|0.1|0.05,1.2,0
INFO  ExtractDetailedMetrics.java> FRAME_VERBOSE,Chirp,7,3072,480,256,2336,2700,12,4,2|2|2|1,0|0|0|0,1,1|1|0|0,0.5|0.3|0.4|0.8|0.2|0.1|0.1|0.05,1.2,0
INFO  ExtractDetailedMetrics.java> FRAME_VERBOSE,YOUtopia,8,3072,896,512,1664,2800,18,7,2|2|2|1,0|0|0|0,1,1|1|0|0,0.5|0.3|0.4|0.8|0.2|0.1|0.1|0.05,1.2,0
INFO  ExtractDetailedMetrics.java> FRAME_VERBOSE,Chirp,8,3072,480,256,2336,2700,12,4,2|2|2|1,0|0|0|0,1,1|1|0|0,0.5|0.3|0.4|0.8|0.2|0.1|0.1|0.05,1.2,0
INFO  ExtractDetailedMetrics.java> FRAME_VERBOSE,YOUtopia,9,3072,896,512,1664,2800,18,7,2|2|2|1,0|0|0|0,1,1|1|0|0,0.5|0.3|0.4|0.8|0.2|0.1|0.1|0.05,1.2,0
INFO  ExtractDetailedMetrics.java> FRAME_VERBOSE,Chirp,9,3072,480,256,2336,2700,12,4,2|2|2|1,0|0|0|0,1,1|1|0|0,0.5|0.3|0.4|0.8|0.2|0.1|0.1|0.05,1.2,0
INFO  ExtractDetailedMetrics.java> FRAME_VERBOSE,YOUtopia,10,3072,896,512,1664,2800,18,7,2|2|2|1,0|0|0|0,1,1|1|0|0,0.5|0.3|0.4|0.8|0.2|0.1|0.1|0.05,1.2,0
INFO  ExtractDetailedMetrics.java> FRAME_VERBOSE,Chirp,10,3072,480,256,2336,2700,12,4,2|2|2|1,0|0|0|0,1,1|1|0|0,0.5|0.3|0.4|0.8|0.2|0.1|0.1|0.05,1.2,0
INFO  ExtractDetailedMetrics.java> FRAME_VERBOSE,YOUtopia,11,3072,896,512,1664,2800,18,7,2|2|2|1,0|0|0|0,1,1|1|0|0,0.5|0.3|0.4|0.8|0.2|0.1|0.1|0.05,1.2,0
INFO  ExtractDetailedMetrics.java> FRAME_VERBOSE,Chirp,11,3072,480,256,2336,2700,12,4,2|2|2|1,0|0|0|0,1,1|1|0|0,0.5|0.3|0.4|0.8|0.2|0.1|0.1|0.05,1.2,0
INFO  ExtractDetailedMetrics.java> FRAME_VERBOSE,YOUtopia,12,3072,896,512,1664,2800,18,7,2|2|2|1,0|0|0|0,1,1|1|0|0,0.5|0.3|0.4|0.8|0.2|0.1|0.1|0.05,1.2,0
INFO  ExtractDetailedMetrics.java> FRAME_VERBOSE,Chirp,12,3072,480,256,2336,2700,12,4,2|2|2|1,0|0|0|0,1,1|1|0|0,0.5|0.3|0.4|0.8|0.2|0.1|0.1|0.05,1.2,0
INFO  ExtractDetailedMetrics.java> FRAME_VERBOSE,YOUtopia,13,3072,896,512,1664,2800,18,7,2|2|2|1,0|0|0|0,1,1|1|0|0,0.5|0.3|0.4|0.8|0.2|0.1|0.1|0.05,1.2,0
INFO  ExtractDetailedMetrics.java> FRAME_VERBOSE,Chirp,13,3072,480,256,2336,2700,12,4,2|2|2|1,0|0|0|0,1,1|1|0|0,0.5|0.3|0.4|0.8|0.2|0.1|0.1|0.05,1.2,0
INFO  ExtractDetailedMetrics.java> FRAME_VERBOSE,YOUtopia,14,3072,896,512,1664,2800,18,7,2|2|2|1,0|0|0|0,1,1|1|0|0,0.5|0.3|0.4|0.8|0.2|0.1|0.1|0.05,1.2,0
INFO  ExtractDetailedMetrics.java> FRAME_VERBOSE,Chirp,14,3072,480,256,2336,2700,12,4,2|2|2|1,0|0|0|0,1,1|1|0|0,0.5|0.3|0.4|0.8|0.2|0.1|0.1|0.05,1.2,0
INFO  ExtractDetailedMetrics.java> FRAME_VERBOSE,YOUtopia,15,3072,896,512,1664,2800,18,7,2|2|2|1,0|0|0|0,1,1|1|0|0,0.5|0.3|0.4|0.8|0.2|0.1|0.1|0.05,1.2,0
INFO  ExtractDetailedMetrics.java> FRAME_VERBOSE,Chirp,15,3072,480,256,2336,2700,12,4,2|2|2|1,0|0|0|0,1,1|1|0|0,0.5|0.3|0.4|0.8|0.2|0.1|0.1|0.05,1.2,0
INFO  ExtractDetailedMetrics.java> FRAME_VERBOSE,YOUtopia,16,3072,896,512,1664,2800,18,7,2|2|2|1,0|0|0|0,1,1|1|0|0,0.5|0.3|0.4|0.8|0.2|0.1|0.1|0.05,1.2,0
INFO  ExtractDetailedMetrics.java> FRAME_VERBOSE,Chirp,16,3072,480,256,2336,2700,12,4,2|2|2|1,0|0|0|0,1,1|1|0|0,0.5|0.3|0.4|0.8|0.2|0.1|0.1|0.05,1.2,0
INFO  ExtractDetailedMetrics.java> FRAME_VERBOSE,YOUtopia,17,3072,896,512,1664,2800,18,7,2|2|2|1,0|0|0|0,1,1|1|0|0,0.5|0.3|0.4|0.8|0.2|0.1|0.1|0.05,1.2,0
INFO  ExtractDetailedMetrics.java> FRAME_VERBOSE,Chirp,17,3072,480,256,2336,2700,12,4,2|2|2|1,0|0|0|0,1,1|1|0|0,0.5|0.3|0.4|0.8|0.2|0.1|0.1|0.05,1.2,0
INFO  ExtractDetailedMetrics.java> FRAME_VERBOSE,YOUtopia,18,3072,896,512,1664,2800,18,7,2|2|2|1,0|0|0|0,1,1|1|0|0,0.5|0.3|0.4|0.8|0.2|0.1|0.1|0.05,1.2,0
INFO  ExtractDetailedMetrics.java> FRAME_VERBOSE,Chirp,18,3072,480,256,2336,2700,12,4,2|2|2|1,0|0|0|0,1,1|1|0|0,0.5|0.3|0.4|0.8|0.2|0.1|0.1|0.05,1.2,0
INFO  ExtractDetailedMetrics.java> FRAME_VERBOSE,YOUtopia,19,3072,896,512,1664,2800,18,7,2|2|2|1,0|0|0|0,1,1|1|0|0,0.5|0.3|0.4|0.8|0.2|0.1|0.1|0.05,1.2,0
INFO  ExtractDetailedMetrics.java> FRAME_VERBOSE,Chirp,19,3072,480,256,2336,2700,12,4,2|2|2|1,0|0|0|0,1,1|1|0|0,0.5|0.3|0.4|0.8|0.2|0.1|0.1|0.05,1.2,0
